This is pdfTeX, Version 3.1415926-2.5-1.40.14 (TeX Live 2013) (format=pdflatex 2016.3.16)  19 APR 2017 14:46
entering extended mode
 restricted \write18 enabled.
 %&-line parsing enabled.
**template.tex
(./template.tex
LaTeX2e <2011/06/27>
Babel <v3.8m> and hyphenation patterns for english, dumylang, nohyphenation, lo
aded.
(./vgtc.cls
Document Class: vgtc 2006/05/21 IEEE VGTC
(/usr/share/texlive/texmf-dist/tex/generic/oberdiek/ifpdf.sty
Package: ifpdf 2011/01/30 v2.3 Provides the ifpdf switch (HO)
Package ifpdf Info: pdfTeX in PDF mode is detected.
)
(/usr/share/texlive/texmf-dist/tex/latex/base/article.cls
Document Class: article 2007/10/19 v1.4h Standard LaTeX document class
(/usr/share/texlive/texmf-dist/tex/latex/base/size10.clo
File: size10.clo 2007/10/19 v1.4h Standard LaTeX file (size option)
)
\c@part=\count79
\c@section=\count80
\c@subsection=\count81
\c@subsubsection=\count82
\c@paragraph=\count83
\c@subparagraph=\count84
\c@figure=\count85
\c@table=\count86
\abovecaptionskip=\skip41
\belowcaptionskip=\skip42
\bibindent=\dimen102
)
\captionmargin=\skip43
\bibindent=\dimen103
\bibspacing=\dimen104
\titlespace=\skip44
\teaserspace=\skip45
\abstxtspace=\skip46
\vgtc@copyrightlength=\skip47
)
(/usr/share/texlive/texmf-dist/tex/latex/graphics/graphicx.sty
Package: graphicx 1999/02/16 v1.0f Enhanced LaTeX Graphics (DPC,SPQR)

(/usr/share/texlive/texmf-dist/tex/latex/graphics/keyval.sty
Package: keyval 1999/03/16 v1.13 key=value parser (DPC)
\KV@toks@=\toks14
)
(/usr/share/texlive/texmf-dist/tex/latex/graphics/graphics.sty
Package: graphics 2009/02/05 v1.0o Standard LaTeX Graphics (DPC,SPQR)

(/usr/share/texlive/texmf-dist/tex/latex/graphics/trig.sty
Package: trig 1999/03/16 v1.09 sin cos tan (DPC)
)
(/usr/share/texlive/texmf-dist/tex/latex/latexconfig/graphics.cfg
File: graphics.cfg 2010/04/23 v1.9 graphics configuration of TeX Live
)
Package graphics Info: Driver file: pdftex.def on input line 91.

(/usr/share/texlive/texmf-dist/tex/latex/pdftex-def/pdftex.def
File: pdftex.def 2011/05/27 v0.06d Graphics/color for pdfTeX

(/usr/share/texlive/texmf-dist/tex/generic/oberdiek/infwarerr.sty
Package: infwarerr 2010/04/08 v1.3 Providing info/warning/error messages (HO)
)
(/usr/share/texlive/texmf-dist/tex/generic/oberdiek/ltxcmds.sty
Package: ltxcmds 2011/11/09 v1.22 LaTeX kernel commands for general use (HO)
)
\Gread@gobject=\count87
))
\Gin@req@height=\dimen105
\Gin@req@width=\dimen106
)
(/usr/share/texlive/texmf-dist/tex/latex/microtype/microtype.sty
Package: microtype 2013/03/13 v2.5 Micro-typographical refinements (RS)
\MT@toks=\toks15
\MT@count=\count88
LaTeX Info: Redefining \textls on input line 771.
\MT@outer@kern=\dimen107
LaTeX Info: Redefining \textmicrotypecontext on input line 1290.
\MT@listname@count=\count89

(/usr/share/texlive/texmf-dist/tex/latex/microtype/microtype-pdftex.def
File: microtype-pdftex.def 2013/03/13 v2.5 Definitions specific to pdftex (RS)
LaTeX Info: Redefining \lsstyle on input line 889.
LaTeX Info: Redefining \lslig on input line 889.
\MT@outer@space=\skip48
)
Package microtype Info: Loading configuration file microtype.cfg.

(/usr/share/texlive/texmf-dist/tex/latex/microtype/microtype.cfg
File: microtype.cfg 2013/03/13 v2.5 microtype main configuration file (RS)
))
(/usr/share/texlive/texmf-dist/tex/latex/base/textcomp.sty
Package: textcomp 2005/09/27 v1.99g Standard LaTeX package
Package textcomp Info: Sub-encoding information:
(textcomp)               5 = only ISO-Adobe without \textcurrency
(textcomp)               4 = 5 + \texteuro
(textcomp)               3 = 4 + \textohm
(textcomp)               2 = 3 + \textestimated + \textcurrency
(textcomp)               1 = TS1 - \textcircled - \t
(textcomp)               0 = TS1 (full)
(textcomp)             Font families with sub-encoding setting implement
(textcomp)             only a restricted character set as indicated.
(textcomp)             Family '?' is the default used for unknown fonts.
(textcomp)             See the documentation for details.
Package textcomp Info: Setting ? sub-encoding to TS1/1 on input line 71.

(/usr/share/texlive/texmf-dist/tex/latex/base/ts1enc.def
File: ts1enc.def 2001/06/05 v3.0e (jk/car/fm) Standard LaTeX file
)
LaTeX Info: Redefining \oldstylenums on input line 266.
Package textcomp Info: Setting cmr sub-encoding to TS1/0 on input line 281.
Package textcomp Info: Setting cmss sub-encoding to TS1/0 on input line 282.
Package textcomp Info: Setting cmtt sub-encoding to TS1/0 on input line 283.
Package textcomp Info: Setting cmvtt sub-encoding to TS1/0 on input line 284.
Package textcomp Info: Setting cmbr sub-encoding to TS1/0 on input line 285.
Package textcomp Info: Setting cmtl sub-encoding to TS1/0 on input line 286.
Package textcomp Info: Setting ccr sub-encoding to TS1/0 on input line 287.
Package textcomp Info: Setting ptm sub-encoding to TS1/4 on input line 288.
Package textcomp Info: Setting pcr sub-encoding to TS1/4 on input line 289.
Package textcomp Info: Setting phv sub-encoding to TS1/4 on input line 290.
Package textcomp Info: Setting ppl sub-encoding to TS1/3 on input line 291.
Package textcomp Info: Setting pag sub-encoding to TS1/4 on input line 292.
Package textcomp Info: Setting pbk sub-encoding to TS1/4 on input line 293.
Package textcomp Info: Setting pnc sub-encoding to TS1/4 on input line 294.
Package textcomp Info: Setting pzc sub-encoding to TS1/4 on input line 295.
Package textcomp Info: Setting bch sub-encoding to TS1/4 on input line 296.
Package textcomp Info: Setting put sub-encoding to TS1/5 on input line 297.
Package textcomp Info: Setting uag sub-encoding to TS1/5 on input line 298.
Package textcomp Info: Setting ugq sub-encoding to TS1/5 on input line 299.
Package textcomp Info: Setting ul8 sub-encoding to TS1/4 on input line 300.
Package textcomp Info: Setting ul9 sub-encoding to TS1/4 on input line 301.
Package textcomp Info: Setting augie sub-encoding to TS1/5 on input line 302.
Package textcomp Info: Setting dayrom sub-encoding to TS1/3 on input line 303.
Package textcomp Info: Setting dayroms sub-encoding to TS1/3 on input line 304.

Package textcomp Info: Setting pxr sub-encoding to TS1/0 on input line 305.
Package textcomp Info: Setting pxss sub-encoding to TS1/0 on input line 306.
Package textcomp Info: Setting pxtt sub-encoding to TS1/0 on input line 307.
Package textcomp Info: Setting txr sub-encoding to TS1/0 on input line 308.
Package textcomp Info: Setting txss sub-encoding to TS1/0 on input line 309.
Package textcomp Info: Setting txtt sub-encoding to TS1/0 on input line 310.
Package textcomp Info: Setting lmr sub-encoding to TS1/0 on input line 311.
Package textcomp Info: Setting lmdh sub-encoding to TS1/0 on input line 312.
Package textcomp Info: Setting lmss sub-encoding to TS1/0 on input line 313.
Package textcomp Info: Setting lmssq sub-encoding to TS1/0 on input line 314.
Package textcomp Info: Setting lmvtt sub-encoding to TS1/0 on input line 315.
Package textcomp Info: Setting qhv sub-encoding to TS1/0 on input line 316.
Package textcomp Info: Setting qag sub-encoding to TS1/0 on input line 317.
Package textcomp Info: Setting qbk sub-encoding to TS1/0 on input line 318.
Package textcomp Info: Setting qcr sub-encoding to TS1/0 on input line 319.
Package textcomp Info: Setting qcs sub-encoding to TS1/0 on input line 320.
Package textcomp Info: Setting qpl sub-encoding to TS1/0 on input line 321.
Package textcomp Info: Setting qtm sub-encoding to TS1/0 on input line 322.
Package textcomp Info: Setting qzc sub-encoding to TS1/0 on input line 323.
Package textcomp Info: Setting qhvc sub-encoding to TS1/0 on input line 324.
Package textcomp Info: Setting futs sub-encoding to TS1/4 on input line 325.
Package textcomp Info: Setting futx sub-encoding to TS1/4 on input line 326.
Package textcomp Info: Setting futj sub-encoding to TS1/4 on input line 327.
Package textcomp Info: Setting hlh sub-encoding to TS1/3 on input line 328.
Package textcomp Info: Setting hls sub-encoding to TS1/3 on input line 329.
Package textcomp Info: Setting hlst sub-encoding to TS1/3 on input line 330.
Package textcomp Info: Setting hlct sub-encoding to TS1/5 on input line 331.
Package textcomp Info: Setting hlx sub-encoding to TS1/5 on input line 332.
Package textcomp Info: Setting hlce sub-encoding to TS1/5 on input line 333.
Package textcomp Info: Setting hlcn sub-encoding to TS1/5 on input line 334.
Package textcomp Info: Setting hlcw sub-encoding to TS1/5 on input line 335.
Package textcomp Info: Setting hlcf sub-encoding to TS1/5 on input line 336.
Package textcomp Info: Setting pplx sub-encoding to TS1/3 on input line 337.
Package textcomp Info: Setting pplj sub-encoding to TS1/3 on input line 338.
Package textcomp Info: Setting ptmx sub-encoding to TS1/4 on input line 339.
Package textcomp Info: Setting ptmj sub-encoding to TS1/4 on input line 340.
)
(/usr/share/texlive/texmf-dist/tex/latex/psnfss/mathptmx.sty
Package: mathptmx 2005/04/12 PSNFSS-v9.2a Times w/ Math, improved (SPQR, WaS) 
LaTeX Font Info:    Redeclaring symbol font `operators' on input line 28.
LaTeX Font Info:    Overwriting symbol font `operators' in version `normal'
(Font)                  OT1/cmr/m/n --> OT1/ztmcm/m/n on input line 28.
LaTeX Font Info:    Overwriting symbol font `operators' in version `bold'
(Font)                  OT1/cmr/bx/n --> OT1/ztmcm/m/n on input line 28.
LaTeX Font Info:    Redeclaring symbol font `letters' on input line 29.
LaTeX Font Info:    Overwriting symbol font `letters' in version `normal'
(Font)                  OML/cmm/m/it --> OML/ztmcm/m/it on input line 29.
LaTeX Font Info:    Overwriting symbol font `letters' in version `bold'
(Font)                  OML/cmm/b/it --> OML/ztmcm/m/it on input line 29.
LaTeX Font Info:    Redeclaring symbol font `symbols' on input line 30.
LaTeX Font Info:    Overwriting symbol font `symbols' in version `normal'
(Font)                  OMS/cmsy/m/n --> OMS/ztmcm/m/n on input line 30.
LaTeX Font Info:    Overwriting symbol font `symbols' in version `bold'
(Font)                  OMS/cmsy/b/n --> OMS/ztmcm/m/n on input line 30.
LaTeX Font Info:    Redeclaring symbol font `largesymbols' on input line 31.
LaTeX Font Info:    Overwriting symbol font `largesymbols' in version `normal'
(Font)                  OMX/cmex/m/n --> OMX/ztmcm/m/n on input line 31.
LaTeX Font Info:    Overwriting symbol font `largesymbols' in version `bold'
(Font)                  OMX/cmex/m/n --> OMX/ztmcm/m/n on input line 31.
\symbold=\mathgroup4
\symitalic=\mathgroup5
LaTeX Font Info:    Redeclaring math alphabet \mathbf on input line 34.
LaTeX Font Info:    Overwriting math alphabet `\mathbf' in version `normal'
(Font)                  OT1/cmr/bx/n --> OT1/ptm/bx/n on input line 34.
LaTeX Font Info:    Overwriting math alphabet `\mathbf' in version `bold'
(Font)                  OT1/cmr/bx/n --> OT1/ptm/bx/n on input line 34.
LaTeX Font Info:    Redeclaring math alphabet \mathit on input line 35.
LaTeX Font Info:    Overwriting math alphabet `\mathit' in version `normal'
(Font)                  OT1/cmr/m/it --> OT1/ptm/m/it on input line 35.
LaTeX Font Info:    Overwriting math alphabet `\mathit' in version `bold'
(Font)                  OT1/cmr/bx/it --> OT1/ptm/m/it on input line 35.
LaTeX Info: Redefining \hbar on input line 50.
)
(/usr/share/texlive/texmf-dist/tex/latex/psnfss/times.sty
Package: times 2005/04/12 PSNFSS-v9.2a (SPQR) 
)
(/usr/share/texlive/texmf-dist/tex/latex/cite/cite.sty
LaTeX Info: Redefining \cite on input line 302.
LaTeX Info: Redefining \nocite on input line 373.
Package: cite 2010/09/10  v 5.3
)

! LaTeX Error: File `tabu.sty' not found.

Type X to quit or <RETURN> to proceed,
or enter new name. (Default extension: sty)

Enter file name: as1.pdf

! LaTeX Error: File `as1.pdf' not found.

Type X to quit or <RETURN> to proceed,
or enter new name. (Default extension: pdf)

Enter file name: template.tex
(./template.tex

! LaTeX Error: Two \documentclass or \documentstyle commands.

See the LaTeX manual or LaTeX Companion for explanation.
Type  H <return>  for immediate help.
 ...                                              
                                                  
l.1 \documentclass[journal]{
                            vgtc}                % final (journal style)
? 
(/usr/share/texlive/texmf-dist/tex/latex/booktabs/booktabs.sty
Package: booktabs 2005/04/14 v1.61803 publication quality tables
\heavyrulewidth=\dimen108
\lightrulewidth=\dimen109
\cmidrulewidth=\dimen110
\belowrulesep=\dimen111
\belowbottomsep=\dimen112
\aboverulesep=\dimen113
\abovetopsep=\dimen114
\cmidrulesep=\dimen115
\cmidrulekern=\dimen116
\defaultaddspace=\dimen117
\@cmidla=\count90
\@cmidlb=\count91
\@aboverulesep=\dimen118
\@belowrulesep=\dimen119
\@thisruleclass=\count92
\@lastruleclass=\count93
\@thisrulewidth=\dimen120
)
(/usr/share/texlive/texmf-dist/tex/latex/hyperref/hyperref.sty
Package: hyperref 2012/11/06 v6.83m Hypertext links for LaTeX

(/usr/share/texlive/texmf-dist/tex/generic/oberdiek/hobsub-hyperref.sty
Package: hobsub-hyperref 2012/05/28 v1.13 Bundle oberdiek, subset hyperref (HO)


(/usr/share/texlive/texmf-dist/tex/generic/oberdiek/hobsub-generic.sty
Package: hobsub-generic 2012/05/28 v1.13 Bundle oberdiek, subset generic (HO)
Package: hobsub 2012/05/28 v1.13 Construct package bundles (HO)
Package hobsub Info: Skipping package `infwarerr' (already loaded).
Package hobsub Info: Skipping package `ltxcmds' (already loaded).
Package: ifluatex 2010/03/01 v1.3 Provides the ifluatex switch (HO)
Package ifluatex Info: LuaTeX not detected.
Package: ifvtex 2010/03/01 v1.5 Detect VTeX and its facilities (HO)
Package ifvtex Info: VTeX not detected.
Package: intcalc 2007/09/27 v1.1 Expandable calculations with integers (HO)
Package hobsub Info: Skipping package `ifpdf' (already loaded).
Package: etexcmds 2011/02/16 v1.5 Avoid name clashes with e-TeX commands (HO)
Package etexcmds Info: Could not find \expanded.
(etexcmds)             That can mean that you are not using pdfTeX 1.50 or
(etexcmds)             that some package has redefined \expanded.
(etexcmds)             In the latter case, load this package earlier.
Package: kvsetkeys 2012/04/25 v1.16 Key value parser (HO)
Package: kvdefinekeys 2011/04/07 v1.3 Define keys (HO)
Package: pdftexcmds 2011/11/29 v0.20 Utility functions of pdfTeX for LuaTeX (HO
)
Package pdftexcmds Info: LuaTeX not detected.
Package pdftexcmds Info: \pdf@primitive is available.
Package pdftexcmds Info: \pdf@ifprimitive is available.
Package pdftexcmds Info: \pdfdraftmode found.
Package: pdfescape 2011/11/25 v1.13 Implements pdfTeX's escape features (HO)
Package: bigintcalc 2012/04/08 v1.3 Expandable calculations on big integers (HO
)
Package: bitset 2011/01/30 v1.1 Handle bit-vector datatype (HO)
Package: uniquecounter 2011/01/30 v1.2 Provide unlimited unique counter (HO)
)
Package hobsub Info: Skipping package `hobsub' (already loaded).
Package: letltxmacro 2010/09/02 v1.4 Let assignment for LaTeX macros (HO)
Package: hopatch 2012/05/28 v1.2 Wrapper for package hooks (HO)
Package: xcolor-patch 2011/01/30 xcolor patch
Package: atveryend 2011/06/30 v1.8 Hooks at the very end of document (HO)
Package atveryend Info: \enddocument detected (standard20110627).
Package: atbegshi 2011/10/05 v1.16 At begin shipout hook (HO)
Package: refcount 2011/10/16 v3.4 Data extraction from label references (HO)
Package: hycolor 2011/01/30 v1.7 Color options for hyperref/bookmark (HO)
)
(/usr/share/texlive/texmf-dist/tex/generic/ifxetex/ifxetex.sty
Package: ifxetex 2010/09/12 v0.6 Provides ifxetex conditional
)
(/usr/share/texlive/texmf-dist/tex/latex/oberdiek/auxhook.sty
Package: auxhook 2011/03/04 v1.3 Hooks for auxiliary files (HO)
)
(/usr/share/texlive/texmf-dist/tex/latex/oberdiek/kvoptions.sty
Package: kvoptions 2011/06/30 v3.11 Key value format for package options (HO)
)
\@linkdim=\dimen121
\Hy@linkcounter=\count94
\Hy@pagecounter=\count95

(/usr/share/texlive/texmf-dist/tex/latex/hyperref/pd1enc.def
File: pd1enc.def 2012/11/06 v6.83m Hyperref: PDFDocEncoding definition (HO)
)
\Hy@SavedSpaceFactor=\count96

(/usr/share/texlive/texmf-dist/tex/latex/latexconfig/hyperref.cfg
File: hyperref.cfg 2002/06/06 v1.2 hyperref configuration of TeXLive
)
Package hyperref Info: Hyper figures OFF on input line 4443.
Package hyperref Info: Link nesting OFF on input line 4448.
Package hyperref Info: Hyper index ON on input line 4451.
Package hyperref Info: Plain pages OFF on input line 4458.
Package hyperref Info: Backreferencing OFF on input line 4463.
Package hyperref Info: Implicit mode ON; LaTeX internals redefined.
Package hyperref Info: Bookmarks ON on input line 4688.
\c@Hy@tempcnt=\count97

(/usr/share/texlive/texmf-dist/tex/latex/url/url.sty
\Urlmuskip=\muskip10
Package: url 2006/04/12  ver 3.3  Verb mode for urls, etc.
)
LaTeX Info: Redefining \url on input line 5041.
\XeTeXLinkMargin=\dimen122
\Fld@menulength=\count98
\Field@Width=\dimen123
\Fld@charsize=\dimen124
Package hyperref Info: Hyper figures OFF on input line 6295.
Package hyperref Info: Link nesting OFF on input line 6300.
Package hyperref Info: Hyper index ON on input line 6303.
Package hyperref Info: backreferencing OFF on input line 6310.
Package hyperref Info: Link coloring OFF on input line 6315.
Package hyperref Info: Link coloring with OCG OFF on input line 6320.
Package hyperref Info: PDF/A mode OFF on input line 6325.
LaTeX Info: Redefining \ref on input line 6365.
LaTeX Info: Redefining \pageref on input line 6369.
\Hy@abspage=\count99
\c@Item=\count100
\c@Hfootnote=\count101
)

Package hyperref Message: Driver (autodetected): hpdftex.

(/usr/share/texlive/texmf-dist/tex/latex/hyperref/hpdftex.def
File: hpdftex.def 2012/11/06 v6.83m Hyperref driver for pdfTeX
\Fld@listcount=\count102
\c@bookmark@seq@number=\count103

(/usr/share/texlive/texmf-dist/tex/latex/oberdiek/rerunfilecheck.sty
Package: rerunfilecheck 2011/04/15 v1.7 Rerun checks for auxiliary files (HO)
Package uniquecounter Info: New unique counter `rerunfilecheck' on input line 2
82.
)
\Hy@SectionHShift=\skip49
)

Package hyperref Warning: Option `pdftex' has already been used,
(hyperref)                setting the option has no effect on input line 143.


Package hyperref Warning: Option `pagebackref' has already been used,
(hyperref)                setting the option has no effect on input line 143.

Package hyperref Info: Option `pageanchor' set `true' on input line 143.
Package hyperref Info: Option `plainpages' set `false' on input line 143.
Package hyperref Info: Option `hypertexnames' set `false' on input line 143.

Package hyperref Warning: Option `bookmarks' has already been used,
(hyperref)                setting the option has no effect on input line 143.

Package hyperref Info: Option `bookmarksnumbered' set `false' on input line 143
.
Package hyperref Info: Option `bookmarksopen' set `true' on input line 143.
Package hyperref Info: Option `breaklinks' set `true' on input line 143.
Package hyperref Info: Option `colorlinks' set `false' on input line 143.
Package hyperref Info: Option `nesting' set `true' on input line 143.
Package hyperref Info: Option `linktocpage' set `true' on input line 143.
No file template.aux.
\openout1 = `template.aux'.

LaTeX Font Info:    Checking defaults for OML/cmm/m/it on input line 149.
LaTeX Font Info:    ... okay on input line 149.
LaTeX Font Info:    Checking defaults for T1/cmr/m/n on input line 149.
LaTeX Font Info:    ... okay on input line 149.
LaTeX Font Info:    Checking defaults for OT1/cmr/m/n on input line 149.
LaTeX Font Info:    ... okay on input line 149.
LaTeX Font Info:    Checking defaults for OMS/cmsy/m/n on input line 149.
LaTeX Font Info:    ... okay on input line 149.
LaTeX Font Info:    Checking defaults for OMX/cmex/m/n on input line 149.
LaTeX Font Info:    ... okay on input line 149.
LaTeX Font Info:    Checking defaults for U/cmr/m/n on input line 149.
LaTeX Font Info:    ... okay on input line 149.
LaTeX Font Info:    Checking defaults for TS1/cmr/m/n on input line 149.
LaTeX Font Info:    Try loading font information for TS1+cmr on input line 149.

(/usr/share/texlive/texmf-dist/tex/latex/base/ts1cmr.fd
File: ts1cmr.fd 1999/05/25 v2.5h Standard LaTeX font definitions
)
LaTeX Font Info:    ... okay on input line 149.
LaTeX Font Info:    Checking defaults for PD1/pdf/m/n on input line 149.
LaTeX Font Info:    ... okay on input line 149.
LaTeX Font Info:    Try loading font information for OT1+ptm on input line 149.


(/usr/share/texlive/texmf-dist/tex/latex/psnfss/ot1ptm.fd
File: ot1ptm.fd 2001/06/04 font definitions for OT1/ptm.
)
(/usr/share/texlive/texmf-dist/tex/context/base/supp-pdf.mkii
[Loading MPS to PDF converter (version 2006.09.02).]
\scratchcounter=\count104
\scratchdimen=\dimen125
\scratchbox=\box26
\nofMPsegments=\count105
\nofMParguments=\count106
\everyMPshowfont=\toks16
\MPscratchCnt=\count107
\MPscratchDim=\dimen126
\MPnumerator=\count108
\makeMPintoPDFobject=\count109
\everyMPtoPDFconversion=\toks17
) (/usr/share/texlive/texmf-dist/tex/latex/oberdiek/epstopdf-base.sty
Package: epstopdf-base 2010/02/09 v2.5 Base part for package epstopdf

(/usr/share/texlive/texmf-dist/tex/latex/oberdiek/grfext.sty
Package: grfext 2010/08/19 v1.1 Manage graphics extensions (HO)
)
Package grfext Info: Graphics extension search list:
(grfext)             [.pdf,.png,.jpg,.jpeg,.eps]
(grfext)             \AppendGraphicsExtensions on input line 452.

(/usr/share/texlive/texmf-dist/tex/latex/latexconfig/epstopdf-sys.cfg
File: epstopdf-sys.cfg 2010/07/13 v1.3 Configuration of (r)epstopdf for TeX Liv
e
))
LaTeX Info: Redefining \microtypecontext on input line 149.
Package microtype Info: Generating PDF output.
Package microtype Info: Character protrusion enabled (level 2).
Package microtype Info: Using default protrusion set `alltext'.
Package microtype Info: Automatic font expansion enabled (level 2),
(microtype)             stretch: 20, shrink: 20, step: 1, non-selected.
Package microtype Info: Using default expansion set `basictext'.
Package microtype Info: No adjustment of tracking.
Package microtype Info: No adjustment of interword spacing.
Package microtype Info: No adjustment of character kerning.

(/usr/share/texlive/texmf-dist/tex/latex/microtype/mt-ptm.cfg
File: mt-ptm.cfg 2006/04/20 v1.7 microtype config. file: Times (RS)
)
\big@size=\dimen127
\AtBeginShipoutBox=\box27
Package hyperref Info: Link coloring OFF on input line 149.

(/usr/share/texlive/texmf-dist/tex/latex/hyperref/nameref.sty
Package: nameref 2012/10/27 v2.43 Cross-referencing by name of section

(/usr/share/texlive/texmf-dist/tex/generic/oberdiek/gettitlestring.sty
Package: gettitlestring 2010/12/03 v1.4 Cleanup title references (HO)
)
\c@section@level=\count110
)
LaTeX Info: Redefining \ref on input line 149.
LaTeX Info: Redefining \pageref on input line 149.
LaTeX Info: Redefining \nameref on input line 149.
\@outlinefile=\write3
\openout3 = `template.out'.

LaTeX Font Info:    Try loading font information for OT1+phv on input line 158.


(/usr/share/texlive/texmf-dist/tex/latex/psnfss/ot1phv.fd
File: ot1phv.fd 2001/06/04 scalable font definitions for OT1/phv.
)
Package microtype Info: Loading generic settings for font family
(microtype)             `phv' (encoding: OT1).
(microtype)             For optimal results, create family-specific settings.
(microtype)             See the microtype manual for details.
LaTeX Font Info:    Try loading font information for OT1+ztmcm on input line 15
8.

(/usr/share/texlive/texmf-dist/tex/latex/psnfss/ot1ztmcm.fd
File: ot1ztmcm.fd 2000/01/03 Fontinst v1.801 font definitions for OT1/ztmcm.
)
Package microtype Info: Loading generic settings for font family
(microtype)             `ztmcm' (encoding: OT1).
(microtype)             For optimal results, create family-specific settings.
(microtype)             See the microtype manual for details.
LaTeX Font Info:    Try loading font information for OML+ztmcm on input line 15
8.

(/usr/share/texlive/texmf-dist/tex/latex/psnfss/omlztmcm.fd
File: omlztmcm.fd 2000/01/03 Fontinst v1.801 font definitions for OML/ztmcm.
)
LaTeX Font Info:    Try loading font information for OMS+ztmcm on input line 15
8.

(/usr/share/texlive/texmf-dist/tex/latex/psnfss/omsztmcm.fd
File: omsztmcm.fd 2000/01/03 Fontinst v1.801 font definitions for OMS/ztmcm.
)
LaTeX Font Info:    Try loading font information for OMX+ztmcm on input line 15
8.

(/usr/share/texlive/texmf-dist/tex/latex/psnfss/omxztmcm.fd
File: omxztmcm.fd 2000/01/03 Fontinst v1.801 font definitions for OMX/ztmcm.
)
LaTeX Font Info:    Font shape `OT1/ptm/bx/n' in size <10> not available
(Font)              Font shape `OT1/ptm/b/n' tried instead on input line 158.
LaTeX Font Info:    Font shape `OT1/ptm/bx/n' in size <7.4> not available
(Font)              Font shape `OT1/ptm/b/n' tried instead on input line 158.
LaTeX Font Info:    Font shape `OT1/ptm/bx/n' in size <6> not available
(Font)              Font shape `OT1/ptm/b/n' tried instead on input line 158.
LaTeX Font Info:    Font shape `OT1/phv/m/it' in size <10> not available
(Font)              Font shape `OT1/phv/m/sl' tried instead on input line 158.
\abstractwidth=\skip50

<pictures/CypressView.jpg, id=4, 1260.71pt x 497.86pt>
File: pictures/CypressView.jpg Graphic file (type jpg)

<use pictures/CypressView.jpg>
Package pdftex.def Info: pictures/CypressView.jpg used on input line 158.
(pdftex.def)             Requested size: 467.22528pt x 184.50919pt.
LaTeX Font Info:    Font shape `OT1/phv/bx/n' in size <8> not available
(Font)              Font shape `OT1/phv/b/n' tried instead on input line 158.
 <diamondrule.pdf, id=5, 213.79875pt x 12.045pt>
File: diamondrule.pdf Graphic file (type pdf)

<use diamondrule.pdf>
Package pdftex.def Info: diamondrule.pdf used on input line 158.
(pdftex.def)             Requested size: 213.79822pt x 12.04495pt.
LaTeX Font Info:    Font shape `OT1/phv/bx/n' in size <9> not available
(Font)              Font shape `OT1/phv/b/n' tried instead on input line 158.
LaTeX Font Info:    Font shape `OT1/phv/bx/sc' in size <9> not available
(Font)              Font shape `OT1/phv/b/sc' tried instead on input line 158.
LaTeX Font Info:    Font shape `OT1/ptm/bx/n' in size <8> not available
(Font)              Font shape `OT1/ptm/b/n' tried instead on input line 158.
LaTeX Font Info:    Font shape `OT1/ptm/bx/n' in size <5> not available
(Font)              Font shape `OT1/ptm/b/n' tried instead on input line 158.
LaTeX Font Info:    Try loading font information for TS1+ptm on input line 158.

 (/usr/share/texlive/texmf-dist/tex/latex/psnfss/ts1ptm.fd
File: ts1ptm.fd 2001/06/04 font definitions for TS1/ptm.
)
LaTeX Font Info:    Try loading font information for OT1+txtt on input line 166
.
 (/usr/share/texlive/texmf-dist/tex/latex/txfonts/ot1txtt.fd
File: ot1txtt.fd 2000/12/15 v3.1
)
Package microtype Info: Loading generic settings for font family
(microtype)             `txtt' (encoding: OT1).
(microtype)             For optimal results, create family-specific settings.
(microtype)             See the microtype manual for details.
LaTeX Font Info:    Try loading font information for OMS+txtt on input line 166
.
LaTeX Font Info:    No file OMStxtt.fd. on input line 166.


LaTeX Font Warning: Font shape `OMS/txtt/m/n' undefined
(Font)              using `OMS/cmsy/m/n' instead
(Font)              for symbol `textbackslash' on input line 166.

LaTeX Font Info:    Font shape `OT1/ptm/bx/n' in size <9> not available
(Font)              Font shape `OT1/ptm/b/n' tried instead on input line 166.

LaTeX Warning: Reference `fig:sample' on page 1 undefined on input line 166.


LaTeX Warning: Reference `tab:vis_papers' on page 1 undefined on input line 166
.


Underfull \hbox (badness 6961) in paragraph at lines 166--167
[]\OT1/ptm/m/n/9 (+20) The style uses the hy-per-ref pack-age, thus turns ref-
 []


Underfull \hbox (badness 5862) in paragraph at lines 166--167
\OT1/ptm/m/n/9 (+20) er-ences into in-ter-nal links. We thus rec-om-mend to
 []


Underfull \hbox (badness 10000) in paragraph at lines 166--167
\OT1/ptm/m/n/9 (+20) make use of the ``\OMS/txtt/m/n/9 n\OT1/txtt/m/n/9 autoref
\OMS/txtt/m/n/9 f\OT1/txtt/m/n/9 reference\OMS/txtt/m/n/9 g\OT1/ptm/m/n/9 (+20)
 '' call (in-
 []


Underfull \hbox (badness 6173) in paragraph at lines 166--167
\OT1/ptm/m/n/9 (+20) stead of ``\OT1/txtt/m/n/9 Figure~\OMS/txtt/m/n/9 n\OT1/tx
tt/m/n/9 ref\OMS/txtt/m/n/9 f\OT1/txtt/m/n/9 reference\OMS/txtt/m/n/9 g\OT1/ptm
/m/n/9 (+20) '' or sim-i-lar) since
 []

LaTeX Font Info:    Font shape `OT1/ptm/bx/n' in size <7> not available
(Font)              Font shape `OT1/ptm/b/n' tried instead on input line 167.

Overfull \hbox (0.70251pt too wide) in paragraph at lines 168--172
\OT1/ptm/m/n/9 (-20) use ``\OMS/txtt/m/n/9 n\OT1/txtt/m/n/9 bibliographystyle\O
MS/txtt/m/n/9 f\OT1/txtt/m/n/9 abbrv-doi-hyperref-narrow\OMS/txtt/m/n/9 g\OT1/p
tm/m/n/9 (-20) ''
 []


Underfull \hbox (badness 1609) in paragraph at lines 168--172
\OT1/ptm/b/n/9 Note 1: \OT1/ptm/m/n/9 (+20) oc-ca-sion-ally (for some L[]T[]X d
is-tri-bu-tions) this
 []


Underfull \hbox (badness 10000) in paragraph at lines 168--172
\OT1/ptm/m/n/9 (+20) (``\OT1/txtt/m/n/9 pdfendlink ended up in different nestin
g level
 []


Underfull \hbox (badness 1558) in paragraph at lines 168--172
\OT1/ptm/m/n/9 (+20) lat-est ver-sion of the hy-per-ref pack-age (i.e., up-date
 your
 []


Underfull \hbox (badness 3312) in paragraph at lines 168--172
\OT1/ptm/m/n/9 (+20) L[]T[]X in-stal-la-tion/packages) or, al-ter-na-tively, re
-vert back
 []


Underfull \hbox (badness 10000) in paragraph at lines 168--172
\OT1/ptm/m/n/9 (+20) to ``\OMS/txtt/m/n/9 n\OT1/txtt/m/n/9 bibliographystyle\OM
S/txtt/m/n/9 f\OT1/txtt/m/n/9 abbrv-doi-narrow\OMS/txtt/m/n/9 g\OT1/ptm/m/n/9 (
+20) '' (at the
 []

[1{/usr/share/texlive/texmf-var/fonts/map/pdftex/updmap/pdftex.map}


 <./pictures/CypressView.jpg> <./diamondrule.pdf>]

LaTeX Warning: Citation `Max:1995:OMF' on page 2 undefined on input line 178.


LaTeX Warning: Citation `Kitware:2003' on page 2 undefined on input line 178.


LaTeX Warning: Citation `Kitware:2003' on page 2 undefined on input line 178.


LaTeX Warning: Citation `Max:1995:OMF' on page 2 undefined on input line 178.

LaTeX Font Info:    Try loading font information for OMS+ptm on input line 189.

(/usr/share/texlive/texmf-dist/tex/latex/psnfss/omsptm.fd
File: omsptm.fd 
)
LaTeX Font Info:    Font shape `OMS/ptm/m/n' in size <9> not available
(Font)              Font shape `OMS/cmsy/m/n' tried instead on input line 189.

Underfull \hbox (badness 10000) in paragraph at lines 196--197
[]\OT1/ptm/m/n/9 (+20) abbreviated pro-ceed-ings name: e.g., ``Proc.\OMS/cmsy/m
/n/9 n
 []


Underfull \hbox (badness 7649) in paragraph at lines 196--197
\OT1/ptm/m/n/9 (+20) CONF[]ACRONYNM'' with-out the year; ex-am-ple:
 []


Underfull \hbox (badness 4454) in paragraph at lines 201--202
[]\OT1/ptm/m/n/9 (+20) article/paper ti-tle con-ven-tion: re-frain from us-ing 
curly
 []


LaTeX Warning: Citation `Lorensen:1987:MCA' on page 2 undefined on input line 2
12.


LaTeX Warning: Citation `Lorensen:1987:MCA' on page 2 undefined on input line 2
12.


LaTeX Warning: Citation `Kitware:2003' on page 2 undefined on input line 224.


LaTeX Warning: Citation `Max:1995:OMF' on page 2 undefined on input line 224.


LaTeX Warning: Citation `Kindlmann:1999:SAG' on page 2 undefined on input line 
240.


LaTeX Warning: Reference `tab:vis_papers' on page 2 undefined on input line 258
.


! LaTeX Error: Environment tabu undefined.

See the LaTeX manual or LaTeX Companion for explanation.
Type  H <return>  for immediate help.
 ...                                              
                                                  
l.277   \begin{tabu}
                    {%
? 
! Misplaced \noalign.
\toprule ->\noalign 
                    {\ifnum 0=`}\fi \@aboverulesep =\abovetopsep \global \@b...
l.282   \toprule
                
? 
! Misplaced alignment tab character &.
l.283    year &
                \rotatebox{90}{Vis/SciVis} &   \rotatebox{90}{SciVis conf} &...

? 
! Misplaced alignment tab character &.
l.283    year & \rotatebox{90}{Vis/SciVis} &
                                               \rotatebox{90}{SciVis conf} &...

? 
! Misplaced alignment tab character &.
l.283 ...SciVis} &   \rotatebox{90}{SciVis conf} &
                                                     \rotatebox{90}{InfoVis}...

? 
! Misplaced alignment tab character &.
l.283 ...ciVis conf} &   \rotatebox{90}{InfoVis} &
                                                     \rotatebox{90}{VAST} & ...

? 
! Misplaced alignment tab character &.
l.283 ...x{90}{InfoVis} &   \rotatebox{90}{VAST} &
                                                     \rotatebox{90}{VAST con...

? 
! Misplaced alignment tab character &.
l.283 ...90}{VAST} &   \rotatebox{90}{VAST conf} &
                                                     \rotatebox{90}{TVCG @ V...

? 
! Misplaced alignment tab character &.
l.283 ...ST conf} &   \rotatebox{90}{TVCG @ VIS} &
                                                     \rotatebox{90}{CG\&A @ ...

? 
! Misplaced alignment tab character &.
l.283 ... @ VIS} &   \rotatebox{90}{CG\&A @ VIS} &
                                                     \rotatebox{90}{VIS/VisW...

? 
! Misplaced alignment tab character &.
l.283 ...eek} \rotatebox{90}{incl. TVCG/CG\&A}   &
                                                     \rotatebox{90}{VIS/VisW...

? 
! Misplaced \noalign.
\midrule ->\noalign 
                    {\ifnum 0=`}\fi \@aboverulesep =\aboverulesep \global \@...
l.284   \midrule
                
? 
! Misplaced alignment tab character &.
l.285   2015 &
               33 & 9 & 38 & 33 & 14 & 17 & 15 & 159 & 127 \\
? 
! Misplaced alignment tab character &.
l.285   2015 & 33 &
                    9 & 38 & 33 & 14 & 17 & 15 & 159 & 127 \\
? 
! Misplaced alignment tab character &.
l.285   2015 & 33 & 9 &
                        38 & 33 & 14 & 17 & 15 & 159 & 127 \\
? 
! Misplaced alignment tab character &.
l.285   2015 & 33 & 9 & 38 &
                             33 & 14 & 17 & 15 & 159 & 127 \\
? 
! Misplaced alignment tab character &.
l.285   2015 & 33 & 9 & 38 & 33 &
                                  14 & 17 & 15 & 159 & 127 \\
? 
! Misplaced alignment tab character &.
l.285   2015 & 33 & 9 & 38 & 33 & 14 &
                                       17 & 15 & 159 & 127 \\
? 
! Misplaced alignment tab character &.
l.285   2015 & 33 & 9 & 38 & 33 & 14 & 17 &
                                            15 & 159 & 127 \\
? 
! Misplaced alignment tab character &.
l.285   2015 & 33 & 9 & 38 & 33 & 14 & 17 & 15 &
                                                 159 & 127 \\
? 
! Misplaced alignment tab character &.
l.285 ...& 33 & 9 & 38 & 33 & 14 & 17 & 15 & 159 &
                                                   127 \\
? 
! Misplaced alignment tab character &.
l.286   2014 &
               34 &   & 45 & 33 & 21 & 20 &   & 153 & 133 \\
? 
! Misplaced alignment tab character &.
l.286   2014 & 34 &
                      & 45 & 33 & 21 & 20 &   & 153 & 133 \\
? 
! Misplaced alignment tab character &.
l.286   2014 & 34 &   &
                        45 & 33 & 21 & 20 &   & 153 & 133 \\
? 
! Misplaced alignment tab character &.
l.286   2014 & 34 &   & 45 &
                             33 & 21 & 20 &   & 153 & 133 \\
? 
! Misplaced alignment tab character &.
l.286   2014 & 34 &   & 45 & 33 &
                                  21 & 20 &   & 153 & 133 \\
? 
! Misplaced alignment tab character &.
l.286   2014 & 34 &   & 45 & 33 & 21 &
                                       20 &   & 153 & 133 \\
? 
! Misplaced alignment tab character &.
l.286   2014 & 34 &   & 45 & 33 & 21 & 20 &
                                              & 153 & 133 \\
? 
! Misplaced alignment tab character &.
l.286   2014 & 34 &   & 45 & 33 & 21 & 20 &   &
                                                153 & 133 \\
? 
! Misplaced alignment tab character &.
l.286 ... & 34 &   & 45 & 33 & 21 & 20 &   & 153 &
                                                   133 \\
? 
! Misplaced alignment tab character &.
l.287   2013 &
               31 &   & 38 & 32 &   & 20 &   & 121 & 101 \\
? 
! Misplaced alignment tab character &.
l.287   2013 & 31 &
                      & 38 & 32 &   & 20 &   & 121 & 101 \\
? 
! Misplaced alignment tab character &.
l.287   2013 & 31 &   &
                        38 & 32 &   & 20 &   & 121 & 101 \\
? 
! Misplaced alignment tab character &.
l.287   2013 & 31 &   & 38 &
                             32 &   & 20 &   & 121 & 101 \\
? 
! Misplaced alignment tab character &.
l.287   2013 & 31 &   & 38 & 32 &
                                    & 20 &   & 121 & 101 \\
? 
! Misplaced alignment tab character &.
l.287   2013 & 31 &   & 38 & 32 &   &
                                      20 &   & 121 & 101 \\
? 
! Misplaced alignment tab character &.
l.287   2013 & 31 &   & 38 & 32 &   & 20 &
                                             & 121 & 101 \\
? 
! Misplaced alignment tab character &.
l.287   2013 & 31 &   & 38 & 32 &   & 20 &   &
                                               121 & 101 \\
? 
! Misplaced alignment tab character &.
l.287 ...3 & 31 &   & 38 & 32 &   & 20 &   & 121 &
                                                   101 \\
? 
! Misplaced alignment tab character &.
l.288   2012 &
               42 &   & 44 & 30 &   & 23 &   & 139 & 116 \\
? 
! Misplaced alignment tab character &.
l.288   2012 & 42 &
                      & 44 & 30 &   & 23 &   & 139 & 116 \\
? 
! Misplaced alignment tab character &.
l.288   2012 & 42 &   &
                        44 & 30 &   & 23 &   & 139 & 116 \\
? 
! Misplaced alignment tab character &.
l.288   2012 & 42 &   & 44 &
                             30 &   & 23 &   & 139 & 116 \\
? 
! Misplaced alignment tab character &.
l.288   2012 & 42 &   & 44 & 30 &
                                    & 23 &   & 139 & 116 \\
? 
! Misplaced alignment tab character &.
l.288   2012 & 42 &   & 44 & 30 &   &
                                      23 &   & 139 & 116 \\
? 
! Misplaced alignment tab character &.
l.288   2012 & 42 &   & 44 & 30 &   & 23 &
                                             & 139 & 116 \\
? 
! Misplaced alignment tab character &.
l.288   2012 & 42 &   & 44 & 30 &   & 23 &   &
                                               139 & 116 \\
? 
! Misplaced alignment tab character &.
l.288 ...2 & 42 &   & 44 & 30 &   & 23 &   & 139 &
                                                   116 \\
? 
! Misplaced alignment tab character &.
l.289   2011 &
               49 &   & 44 & 26 &   & 20 &   & 139 & 119 \\
? 
! Misplaced alignment tab character &.
l.289   2011 & 49 &
                      & 44 & 26 &   & 20 &   & 139 & 119 \\
? 
! Misplaced alignment tab character &.
l.289   2011 & 49 &   &
                        44 & 26 &   & 20 &   & 139 & 119 \\
? 
! Misplaced alignment tab character &.
l.289   2011 & 49 &   & 44 &
                             26 &   & 20 &   & 139 & 119 \\
? 
! Misplaced alignment tab character &.
l.289   2011 & 49 &   & 44 & 26 &
                                    & 20 &   & 139 & 119 \\
? 
! Misplaced alignment tab character &.
l.289   2011 & 49 &   & 44 & 26 &   &
                                      20 &   & 139 & 119 \\
? 
! Misplaced alignment tab character &.
l.289   2011 & 49 &   & 44 & 26 &   & 20 &
                                             & 139 & 119 \\
? 
! Misplaced alignment tab character &.
l.289   2011 & 49 &   & 44 & 26 &   & 20 &   &
                                               139 & 119 \\
? 
! Misplaced alignment tab character &.
l.289 ...1 & 49 &   & 44 & 26 &   & 20 &   & 139 &
                                                   119 \\
? 
! Misplaced alignment tab character &.
l.290   2010 &
               48 &   & 35 & 26 &   &   &   & 109 & 109 \\
? 
! Misplaced alignment tab character &.
l.290   2010 & 48 &
                      & 35 & 26 &   &   &   & 109 & 109 \\
? 
! Misplaced alignment tab character &.
l.290   2010 & 48 &   &
                        35 & 26 &   &   &   & 109 & 109 \\
? 
! Misplaced alignment tab character &.
l.290   2010 & 48 &   & 35 &
                             26 &   &   &   & 109 & 109 \\
? 
! Misplaced alignment tab character &.
l.290   2010 & 48 &   & 35 & 26 &
                                    &   &   & 109 & 109 \\
? 
! Misplaced alignment tab character &.
l.290   2010 & 48 &   & 35 & 26 &   &
                                        &   & 109 & 109 \\
? 
! Misplaced alignment tab character &.
l.290   2010 & 48 &   & 35 & 26 &   &   &
                                            & 109 & 109 \\
? 
! Misplaced alignment tab character &.
l.290   2010 & 48 &   & 35 & 26 &   &   &   &
                                              109 & 109 \\
? 
! Misplaced alignment tab character &.
l.290 ...10 & 48 &   & 35 & 26 &   &   &   & 109 &
                                                   109 \\
? 
! Misplaced alignment tab character &.
l.291   2009 &
               54 &   & 37 & 26 &   &   &   & 117 & 117 \\
? 
! Misplaced alignment tab character &.
l.291   2009 & 54 &
                      & 37 & 26 &   &   &   & 117 & 117 \\
? 
! Misplaced alignment tab character &.
l.291   2009 & 54 &   &
                        37 & 26 &   &   &   & 117 & 117 \\
? 
! Misplaced alignment tab character &.
l.291   2009 & 54 &   & 37 &
                             26 &   &   &   & 117 & 117 \\
? 
! Misplaced alignment tab character &.
l.291   2009 & 54 &   & 37 & 26 &
                                    &   &   & 117 & 117 \\
? 
! Misplaced alignment tab character &.
l.291   2009 & 54 &   & 37 & 26 &   &
                                        &   & 117 & 117 \\
? 
! Misplaced alignment tab character &.
l.291   2009 & 54 &   & 37 & 26 &   &   &
                                            & 117 & 117 \\
? 
! Misplaced alignment tab character &.
l.291   2009 & 54 &   & 37 & 26 &   &   &   &
                                              117 & 117 \\
? 
! Misplaced alignment tab character &.
l.291 ...09 & 54 &   & 37 & 26 &   &   &   & 117 &
                                                   117 \\
? 
! Misplaced alignment tab character &.
l.292   2008 &
               50 &   & 28 & 21 &   &   &   & 99 & 99 \\
? 
! Misplaced alignment tab character &.
l.292   2008 & 50 &
                      & 28 & 21 &   &   &   & 99 & 99 \\
? 
! Misplaced alignment tab character &.
l.292   2008 & 50 &   &
                        28 & 21 &   &   &   & 99 & 99 \\
? 
! Misplaced alignment tab character &.
l.292   2008 & 50 &   & 28 &
                             21 &   &   &   & 99 & 99 \\
? 
! Misplaced alignment tab character &.
l.292   2008 & 50 &   & 28 & 21 &
                                    &   &   & 99 & 99 \\
? 
! Misplaced alignment tab character &.
l.292   2008 & 50 &   & 28 & 21 &   &
                                        &   & 99 & 99 \\
? 
! Misplaced alignment tab character &.
l.292   2008 & 50 &   & 28 & 21 &   &   &
                                            & 99 & 99 \\
? 
! Misplaced alignment tab character &.
l.292   2008 & 50 &   & 28 & 21 &   &   &   &
                                              99 & 99 \\
? 
! Misplaced alignment tab character &.
l.292   2008 & 50 &   & 28 & 21 &   &   &   & 99 &
                                                   99 \\
? 
! Misplaced alignment tab character &.
l.293   2007 &
               56 &   & 27 & 24 &   &   &   & 107 & 107 \\
? 
! Misplaced alignment tab character &.
l.293   2007 & 56 &
                      & 27 & 24 &   &   &   & 107 & 107 \\
? 
! Misplaced alignment tab character &.
l.293   2007 & 56 &   &
                        27 & 24 &   &   &   & 107 & 107 \\
? 
! Misplaced alignment tab character &.
l.293   2007 & 56 &   & 27 &
                             24 &   &   &   & 107 & 107 \\
? 
! Misplaced alignment tab character &.
l.293   2007 & 56 &   & 27 & 24 &
                                    &   &   & 107 & 107 \\
? 
! Misplaced alignment tab character &.
l.293   2007 & 56 &   & 27 & 24 &   &
                                        &   & 107 & 107 \\
? 
! Misplaced alignment tab character &.
l.293   2007 & 56 &   & 27 & 24 &   &   &
                                            & 107 & 107 \\
? 
! Misplaced alignment tab character &.
l.293   2007 & 56 &   & 27 & 24 &   &   &   &
                                              107 & 107 \\
? 
! Misplaced alignment tab character &.
l.293 ...07 & 56 &   & 27 & 24 &   &   &   & 107 &
                                                   107 \\
? 
! Misplaced alignment tab character &.
l.294   2006 &
               63 &   & 24 & 26 &   &   &   & 113 & 113 \\
? 
! Misplaced alignment tab character &.
l.294   2006 & 63 &
                      & 24 & 26 &   &   &   & 113 & 113 \\
? 
! Misplaced alignment tab character &.
l.294   2006 & 63 &   &
                        24 & 26 &   &   &   & 113 & 113 \\
? 
! Misplaced alignment tab character &.
l.294   2006 & 63 &   & 24 &
                             26 &   &   &   & 113 & 113 \\
? 
! Misplaced alignment tab character &.
l.294   2006 & 63 &   & 24 & 26 &
                                    &   &   & 113 & 113 \\
? 
! Misplaced alignment tab character &.
l.294   2006 & 63 &   & 24 & 26 &   &
                                        &   & 113 & 113 \\
? 
! Misplaced alignment tab character &.
l.294   2006 & 63 &   & 24 & 26 &   &   &
                                            & 113 & 113 \\
? 
! Misplaced alignment tab character &.
l.294   2006 & 63 &   & 24 & 26 &   &   &   &
                                              113 & 113 \\
? 
! Misplaced alignment tab character &.
l.294 ...06 & 63 &   & 24 & 26 &   &   &   & 113 &
                                                   113 \\
? 
! Misplaced alignment tab character &.
l.295   2005 &
               88 &   & 31 &   &   &   &   & 119 & 119 \\
? 
! Misplaced alignment tab character &.
l.295   2005 & 88 &
                      & 31 &   &   &   &   & 119 & 119 \\
? 
! Misplaced alignment tab character &.
l.295   2005 & 88 &   &
                        31 &   &   &   &   & 119 & 119 \\
? 
! Misplaced alignment tab character &.
l.295   2005 & 88 &   & 31 &
                               &   &   &   & 119 & 119 \\
? 
! Misplaced alignment tab character &.
l.295   2005 & 88 &   & 31 &   &
                                   &   &   & 119 & 119 \\
? 
! Misplaced alignment tab character &.
l.295   2005 & 88 &   & 31 &   &   &
                                       &   & 119 & 119 \\
? 
! Misplaced alignment tab character &.
l.295   2005 & 88 &   & 31 &   &   &   &
                                           & 119 & 119 \\
? 
! Misplaced alignment tab character &.
l.295   2005 & 88 &   & 31 &   &   &   &   &
                                             119 & 119 \\
? 
! Misplaced alignment tab character &.
l.295   2005 & 88 &   & 31 &   &   &   &   & 119 &
                                                   119 \\
? 
! Misplaced alignment tab character &.
l.296   2004 &
               70 &   & 27 &   &   &   &   & 97 & 97 \\
? 
! Misplaced alignment tab character &.
l.296   2004 & 70 &
                      & 27 &   &   &   &   & 97 & 97 \\
? 
! Misplaced alignment tab character &.
l.296   2004 & 70 &   &
                        27 &   &   &   &   & 97 & 97 \\
? 
! Misplaced alignment tab character &.
l.296   2004 & 70 &   & 27 &
                               &   &   &   & 97 & 97 \\
? 
! Misplaced alignment tab character &.
l.296   2004 & 70 &   & 27 &   &
                                   &   &   & 97 & 97 \\
? 
! Misplaced alignment tab character &.
l.296   2004 & 70 &   & 27 &   &   &
                                       &   & 97 & 97 \\
? 
! Misplaced alignment tab character &.
l.296   2004 & 70 &   & 27 &   &   &   &
                                           & 97 & 97 \\
? 
! Misplaced alignment tab character &.
l.296   2004 & 70 &   & 27 &   &   &   &   &
                                             97 & 97 \\
? 
! Misplaced alignment tab character &.
l.296   2004 & 70 &   & 27 &   &   &   &   & 97 &
                                                  97 \\
? 
! Misplaced alignment tab character &.
l.297   2003 &
               74 &   & 29 &   &   &   &   & 103 & 103 \\
? 
! Misplaced alignment tab character &.
l.297   2003 & 74 &
                      & 29 &   &   &   &   & 103 & 103 \\
? 
! Misplaced alignment tab character &.
l.297   2003 & 74 &   &
                        29 &   &   &   &   & 103 & 103 \\
? 
! Misplaced alignment tab character &.
l.297   2003 & 74 &   & 29 &
                               &   &   &   & 103 & 103 \\
? 
! Misplaced alignment tab character &.
l.297   2003 & 74 &   & 29 &   &
                                   &   &   & 103 & 103 \\
? 
! Misplaced alignment tab character &.
l.297   2003 & 74 &   & 29 &   &   &
                                       &   & 103 & 103 \\
? 
! Misplaced alignment tab character &.
l.297   2003 & 74 &   & 29 &   &   &   &
                                           & 103 & 103 \\
? 
! Misplaced alignment tab character &.
l.297   2003 & 74 &   & 29 &   &   &   &   &
                                             103 & 103 \\
? 
! Misplaced alignment tab character &.
l.297   2003 & 74 &   & 29 &   &   &   &   & 103 &
                                                   103 \\
? 
! Misplaced alignment tab character &.
l.298   2002 &
               78 &   & 23 &   &   &   &   & 101 & 101 \\
? 
! Misplaced alignment tab character &.
l.298   2002 & 78 &
                      & 23 &   &   &   &   & 101 & 101 \\
? 
! Misplaced alignment tab character &.
l.298   2002 & 78 &   &
                        23 &   &   &   &   & 101 & 101 \\
? 
! Misplaced alignment tab character &.
l.298   2002 & 78 &   & 23 &
                               &   &   &   & 101 & 101 \\
? 
! Misplaced alignment tab character &.
l.298   2002 & 78 &   & 23 &   &
                                   &   &   & 101 & 101 \\
? 
! Misplaced alignment tab character &.
l.298   2002 & 78 &   & 23 &   &   &
                                       &   & 101 & 101 \\
? 
! Misplaced alignment tab character &.
l.298   2002 & 78 &   & 23 &   &   &   &
                                           & 101 & 101 \\
? 
! Misplaced alignment tab character &.
l.298   2002 & 78 &   & 23 &   &   &   &   &
                                             101 & 101 \\
? 
! Misplaced alignment tab character &.
l.298   2002 & 78 &   & 23 &   &   &   &   & 101 &
                                                   101 \\
? 
! Misplaced alignment tab character &.
l.299   2001 &
               74 &   & 22 &   &   &   &   & 96 & 96 \\
? 
! Misplaced alignment tab character &.
l.299   2001 & 74 &
                      & 22 &   &   &   &   & 96 & 96 \\
? 
! Misplaced alignment tab character &.
l.299   2001 & 74 &   &
                        22 &   &   &   &   & 96 & 96 \\
? 
! Misplaced alignment tab character &.
l.299   2001 & 74 &   & 22 &
                               &   &   &   & 96 & 96 \\
? 
! Misplaced alignment tab character &.
l.299   2001 & 74 &   & 22 &   &
                                   &   &   & 96 & 96 \\
? 
! Misplaced alignment tab character &.
l.299   2001 & 74 &   & 22 &   &   &
                                       &   & 96 & 96 \\
? 
! Misplaced alignment tab character &.
l.299   2001 & 74 &   & 22 &   &   &   &
                                           & 96 & 96 \\
? 
! Misplaced alignment tab character &.
l.299   2001 & 74 &   & 22 &   &   &   &   &
                                             96 & 96 \\
? 
! Misplaced alignment tab character &.
l.299   2001 & 74 &   & 22 &   &   &   &   & 96 &
                                                  96 \\
? 
! Misplaced alignment tab character &.
l.300   2000 &
               73 &   & 20 &   &   &   &   & 93 & 93 \\
? 
! Misplaced alignment tab character &.
l.300   2000 & 73 &
                      & 20 &   &   &   &   & 93 & 93 \\
? 
! Misplaced alignment tab character &.
l.300   2000 & 73 &   &
                        20 &   &   &   &   & 93 & 93 \\
? 
! Misplaced alignment tab character &.
l.300   2000 & 73 &   & 20 &
                               &   &   &   & 93 & 93 \\
? 
! Misplaced alignment tab character &.
l.300   2000 & 73 &   & 20 &   &
                                   &   &   & 93 & 93 \\
? 
! Misplaced alignment tab character &.
l.300   2000 & 73 &   & 20 &   &   &
                                       &   & 93 & 93 \\
? 
! Misplaced alignment tab character &.
l.300   2000 & 73 &   & 20 &   &   &   &
                                           & 93 & 93 \\
? 
! Misplaced alignment tab character &.
l.300   2000 & 73 &   & 20 &   &   &   &   &
                                             93 & 93 \\
? 
! Misplaced alignment tab character &.
l.300   2000 & 73 &   & 20 &   &   &   &   & 93 &
                                                  93 \\
? 
! Misplaced alignment tab character &.
l.301   1999 &
               69 &   & 19 &   &   &   &   & 88 & 88 \\
? 
! Misplaced alignment tab character &.
l.301   1999 & 69 &
                      & 19 &   &   &   &   & 88 & 88 \\
? 
! Misplaced alignment tab character &.
l.301   1999 & 69 &   &
                        19 &   &   &   &   & 88 & 88 \\
? 
! Misplaced alignment tab character &.
l.301   1999 & 69 &   & 19 &
                               &   &   &   & 88 & 88 \\
? 
! Misplaced alignment tab character &.
l.301   1999 & 69 &   & 19 &   &
                                   &   &   & 88 & 88 \\
? 
! Misplaced alignment tab character &.
l.301   1999 & 69 &   & 19 &   &   &
                                       &   & 88 & 88 \\
? 
! Misplaced alignment tab character &.
l.301   1999 & 69 &   & 19 &   &   &   &
                                           & 88 & 88 \\
? 
! Misplaced alignment tab character &.
l.301   1999 & 69 &   & 19 &   &   &   &   &
                                             88 & 88 \\
? 
! Misplaced alignment tab character &.
l.301   1999 & 69 &   & 19 &   &   &   &   & 88 &
                                                  88 \\
? 
! Misplaced alignment tab character &.
l.302   1998 &
               72 &   & 18 &   &   &   &   & 90 & 90 \\
? 
! Misplaced alignment tab character &.
l.302   1998 & 72 &
                      & 18 &   &   &   &   & 90 & 90 \\
? 
! Misplaced alignment tab character &.
l.302   1998 & 72 &   &
                        18 &   &   &   &   & 90 & 90 \\
? 
! Misplaced alignment tab character &.
l.302   1998 & 72 &   & 18 &
                               &   &   &   & 90 & 90 \\
? 
! Misplaced alignment tab character &.
l.302   1998 & 72 &   & 18 &   &
                                   &   &   & 90 & 90 \\
? 
! Misplaced alignment tab character &.
l.302   1998 & 72 &   & 18 &   &   &
                                       &   & 90 & 90 \\
? 
! Misplaced alignment tab character &.
l.302   1998 & 72 &   & 18 &   &   &   &
                                           & 90 & 90 \\
? 
! Misplaced alignment tab character &.
l.302   1998 & 72 &   & 18 &   &   &   &   &
                                             90 & 90 \\
? 
! Misplaced alignment tab character &.
l.302   1998 & 72 &   & 18 &   &   &   &   & 90 &
                                                  90 \\
? 
! Misplaced alignment tab character &.
l.303   1997 &
               72 &   & 16 &   &   &   &   & 88 & 88 \\
? 
! Misplaced alignment tab character &.
l.303   1997 & 72 &
                      & 16 &   &   &   &   & 88 & 88 \\
? 
! Misplaced alignment tab character &.
l.303   1997 & 72 &   &
                        16 &   &   &   &   & 88 & 88 \\
? 
! Misplaced alignment tab character &.
l.303   1997 & 72 &   & 16 &
                               &   &   &   & 88 & 88 \\
? 
! Misplaced alignment tab character &.
l.303   1997 & 72 &   & 16 &   &
                                   &   &   & 88 & 88 \\
? 
! Misplaced alignment tab character &.
l.303   1997 & 72 &   & 16 &   &   &
                                       &   & 88 & 88 \\
? 
! Misplaced alignment tab character &.
l.303   1997 & 72 &   & 16 &   &   &   &
                                           & 88 & 88 \\
? 
! Misplaced alignment tab character &.
l.303   1997 & 72 &   & 16 &   &   &   &   &
                                             88 & 88 \\
? 
! Misplaced alignment tab character &.
l.303   1997 & 72 &   & 16 &   &   &   &   & 88 &
                                                  88 \\
? 
! Misplaced alignment tab character &.
l.304   1996 &
               65 &   & 12 &   &   &   &   & 77 & 77 \\
? 
! Misplaced alignment tab character &.
l.304   1996 & 65 &
                      & 12 &   &   &   &   & 77 & 77 \\
? 
! Misplaced alignment tab character &.
l.304   1996 & 65 &   &
                        12 &   &   &   &   & 77 & 77 \\
? 
! Misplaced alignment tab character &.
l.304   1996 & 65 &   & 12 &
                               &   &   &   & 77 & 77 \\
? 
! Misplaced alignment tab character &.
l.304   1996 & 65 &   & 12 &   &
                                   &   &   & 77 & 77 \\
? 
! Misplaced alignment tab character &.
l.304   1996 & 65 &   & 12 &   &   &
                                       &   & 77 & 77 \\
? 
! Misplaced alignment tab character &.
l.304   1996 & 65 &   & 12 &   &   &   &
                                           & 77 & 77 \\
? 
! Misplaced alignment tab character &.
l.304   1996 & 65 &   & 12 &   &   &   &   &
                                             77 & 77 \\
? 
! Misplaced alignment tab character &.
l.304   1996 & 65 &   & 12 &   &   &   &   & 77 &
                                                  77 \\
? 
! Misplaced alignment tab character &.
l.305   1995 &
               56 &   & 18 &   &   &   &   & 74 & 74 \\
? 
! Misplaced alignment tab character &.
l.305   1995 & 56 &
                      & 18 &   &   &   &   & 74 & 74 \\
? 
! Misplaced alignment tab character &.
l.305   1995 & 56 &   &
                        18 &   &   &   &   & 74 & 74 \\
? 
! Misplaced alignment tab character &.
l.305   1995 & 56 &   & 18 &
                               &   &   &   & 74 & 74 \\
? 
! Misplaced alignment tab character &.
l.305   1995 & 56 &   & 18 &   &
                                   &   &   & 74 & 74 \\
? 
! Misplaced alignment tab character &.
l.305   1995 & 56 &   & 18 &   &   &
                                       &   & 74 & 74 \\
? 
! Misplaced alignment tab character &.
l.305   1995 & 56 &   & 18 &   &   &   &
                                           & 74 & 74 \\
? 
! Misplaced alignment tab character &.
l.305   1995 & 56 &   & 18 &   &   &   &   &
                                             74 & 74 \\
? 
! Misplaced alignment tab character &.
l.305   1995 & 56 &   & 18 &   &   &   &   & 74 &
                                                  74 \\
? 
! Misplaced alignment tab character &.
l.306   1994 &
               53 &   &   &   &   &   &   & 53 & 53 \\
? 
! Misplaced alignment tab character &.
l.306   1994 & 53 &
                      &   &   &   &   &   & 53 & 53 \\
? 
! Misplaced alignment tab character &.
l.306   1994 & 53 &   &
                          &   &   &   &   & 53 & 53 \\
? 
! Misplaced alignment tab character &.
l.306   1994 & 53 &   &   &
                              &   &   &   & 53 & 53 \\
? 
! Misplaced alignment tab character &.
l.306   1994 & 53 &   &   &   &
                                  &   &   & 53 & 53 \\
? 
! Misplaced alignment tab character &.
l.306   1994 & 53 &   &   &   &   &
                                      &   & 53 & 53 \\
? 
! Misplaced alignment tab character &.
l.306   1994 & 53 &   &   &   &   &   &
                                          & 53 & 53 \\
? 
! Misplaced alignment tab character &.
l.306   1994 & 53 &   &   &   &   &   &   &
                                            53 & 53 \\
? 
! Misplaced alignment tab character &.
l.306   1994 & 53 &   &   &   &   &   &   & 53 &
                                                 53 \\
? 
! Misplaced alignment tab character &.
l.307   1993 &
               55 &   &   &   &   &   &   & 55 & 55 \\
? 
! Misplaced alignment tab character &.
l.307   1993 & 55 &
                      &   &   &   &   &   & 55 & 55 \\
? 
! Misplaced alignment tab character &.
l.307   1993 & 55 &   &
                          &   &   &   &   & 55 & 55 \\
? 
! Misplaced alignment tab character &.
l.307   1993 & 55 &   &   &
                              &   &   &   & 55 & 55 \\
? 
! Misplaced alignment tab character &.
l.307   1993 & 55 &   &   &   &
                                  &   &   & 55 & 55 \\
? 
! Misplaced alignment tab character &.
l.307   1993 & 55 &   &   &   &   &
                                      &   & 55 & 55 \\
? 
! Misplaced alignment tab character &.
l.307   1993 & 55 &   &   &   &   &   &
                                          & 55 & 55 \\
? 
! Misplaced alignment tab character &.
l.307   1993 & 55 &   &   &   &   &   &   &
                                            55 & 55 \\
? 
! Misplaced alignment tab character &.
l.307   1993 & 55 &   &   &   &   &   &   & 55 &
                                                 55 \\
? 
! Misplaced alignment tab character &.
l.308   1992 &
               53 &   &   &   &   &   &   & 53 & 53 \\
? 
! Misplaced alignment tab character &.
l.308   1992 & 53 &
                      &   &   &   &   &   & 53 & 53 \\
? 
! Misplaced alignment tab character &.
l.308   1992 & 53 &   &
                          &   &   &   &   & 53 & 53 \\
? 
! Misplaced alignment tab character &.
l.308   1992 & 53 &   &   &
                              &   &   &   & 53 & 53 \\
? 
! Misplaced alignment tab character &.
l.308   1992 & 53 &   &   &   &
                                  &   &   & 53 & 53 \\
? 
! Misplaced alignment tab character &.
l.308   1992 & 53 &   &   &   &   &
                                      &   & 53 & 53 \\
? 
! Misplaced alignment tab character &.
l.308   1992 & 53 &   &   &   &   &   &
                                          & 53 & 53 \\
? 
! Misplaced alignment tab character &.
l.308   1992 & 53 &   &   &   &   &   &   &
                                            53 & 53 \\
? 
! Misplaced alignment tab character &.
l.308   1992 & 53 &   &   &   &   &   &   & 53 &
                                                 53 \\
? 
! Misplaced alignment tab character &.
l.309   1991 &
               50 &   &   &   &   &   &   & 50 & 50 \\
? 
! Misplaced alignment tab character &.
l.309   1991 & 50 &
                      &   &   &   &   &   & 50 & 50 \\
? 
! Misplaced alignment tab character &.
l.309   1991 & 50 &   &
                          &   &   &   &   & 50 & 50 \\
? 
! Misplaced alignment tab character &.
l.309   1991 & 50 &   &   &
                              &   &   &   & 50 & 50 \\
? 
! Misplaced alignment tab character &.
l.309   1991 & 50 &   &   &   &
                                  &   &   & 50 & 50 \\
? 
! Misplaced alignment tab character &.
l.309   1991 & 50 &   &   &   &   &
                                      &   & 50 & 50 \\
? 
! Misplaced alignment tab character &.
l.309   1991 & 50 &   &   &   &   &   &
                                          & 50 & 50 \\
? 
! Misplaced alignment tab character &.
l.309   1991 & 50 &   &   &   &   &   &   &
                                            50 & 50 \\
? 
! Misplaced alignment tab character &.
l.309   1991 & 50 &   &   &   &   &   &   & 50 &
                                                 50 \\
? 
! Misplaced alignment tab character &.
l.310   1990 &
               53 &   &   &   &   &   &   & 53 & 53 \\
? 
! Misplaced alignment tab character &.
l.310   1990 & 53 &
                      &   &   &   &   &   & 53 & 53 \\
? 
! Misplaced alignment tab character &.
l.310   1990 & 53 &   &
                          &   &   &   &   & 53 & 53 \\
? 
! Misplaced alignment tab character &.
l.310   1990 & 53 &   &   &
                              &   &   &   & 53 & 53 \\
? 
! Misplaced alignment tab character &.
l.310   1990 & 53 &   &   &   &
                                  &   &   & 53 & 53 \\
? 
! Misplaced alignment tab character &.
l.310   1990 & 53 &   &   &   &   &
                                      &   & 53 & 53 \\
? 
! Misplaced alignment tab character &.
l.310   1990 & 53 &   &   &   &   &   &
                                          & 53 & 53 \\
? 
! Misplaced alignment tab character &.
l.310   1990 & 53 &   &   &   &   &   &   &
                                            53 & 53 \\
? 
! Misplaced alignment tab character &.
l.310   1990 & 53 &   &   &   &   &   &   & 53 &
                                                 53 \\
? 
! Misplaced \noalign.
\midrule ->\noalign 
                    {\ifnum 0=`}\fi \@aboverulesep =\aboverulesep \global \@...
l.311   \midrule
                
? 
! Misplaced alignment tab character &.
l.312   \textbf{sum} &
                       \textbf{1515} & \textbf{9} & \textbf{595} & \textbf{2...

? 
! Misplaced alignment tab character &.
l.312   \textbf{sum} & \textbf{1515} &
                                       \textbf{9} & \textbf{595} & \textbf{2...

? 
! Misplaced alignment tab character &.
l.312 ...extbf{sum} & \textbf{1515} & \textbf{9} &
                                                   \textbf{595} & \textbf{27...

? 
! Misplaced alignment tab character &.
l.312 ...extbf{1515} & \textbf{9} & \textbf{595} &
                                                   \textbf{277} & \textbf{35...

? 
! Misplaced alignment tab character &.
l.312 ...textbf{9} & \textbf{595} & \textbf{277} &
                                                   \textbf{35} & \textbf{100...

? 
! Misplaced alignment tab character &.
l.312 ...extbf{595} & \textbf{277} & \textbf{35} &
                                                   \textbf{100} & \textbf{15...

? 
! Misplaced alignment tab character &.
l.312 ...extbf{277} & \textbf{35} & \textbf{100} &
                                                   \textbf{15} & \textbf{254...

? 
! Misplaced alignment tab character &.
l.312 ...textbf{35} & \textbf{100} & \textbf{15} &
                                                   \textbf{2546} & \textbf{2...

? 
! Misplaced alignment tab character &.
l.312 ...xtbf{100} & \textbf{15} & \textbf{2546} &
                                                   \textbf{2431} \\
? 
! Misplaced \noalign.
\bottomrule ->\noalign 
                       {\ifnum 0=`}\fi \@aboverulesep =\aboverulesep \global...
l.313   \bottomrule
                   
? 

! LaTeX Error: \begin{table} on input line 272 ended by \end{tabu}.

See the LaTeX manual or LaTeX Companion for explanation.
Type  H <return>  for immediate help.
 ...                                              
                                                  
l.314   \end{tabu}
                  %
? 

LaTeX Warning: Reference `fig:sample' on page 2 undefined on input line 319.

[2] <pictures/paper-count-w-2015-new.pdf, id=38, 832.35068pt x 451.25789pt>
File: pictures/paper-count-w-2015-new.pdf Graphic file (type pdf)

<use pictures/paper-count-w-2015-new.pdf>
Package pdftex.def Info: pictures/paper-count-w-2015-new.pdf used on input line
 348.
(pdftex.def)             Requested size: 251.31898pt x 136.25288pt.


LaTeX Warning: Reference `tab:vis_papers' on page 3 undefined on input line 349
.


LaTeX Warning: Citation `Isenberg:2017:VMC' on page 3 undefined on input line 3
49.


LaTeX Warning: Reference `tab:vis_papers' on page 3 undefined on input line 349
.


LaTeX Warning: Citation `Isenberg:2017:VMC' on page 3 undefined on input line 3
49.


LaTeX Warning: Citation `Lorensen:1987:MCA' on page 3 undefined on input line 3
55.


LaTeX Warning: Citation `Lorensen:1987:MCA' on page 3 undefined on input line 3
58.


LaTeX Warning: Citation `Wyvill:1986:DSS' on page 3 undefined on input line 358
.


LaTeX Warning: Citation `Nielson:1991:TAD' on page 3 undefined on input line 37
2.

No file template.bbl.
Package atveryend Info: Empty hook `BeforeClearDocument' on input line 414.
[3 <./pictures/paper-count-w-2015-new.pdf>]
Package atveryend Info: Empty hook `AfterLastShipout' on input line 414.
 (./template.aux)
Package atveryend Info: Executing hook `AtVeryEndDocument' on input line 414.
Package atveryend Info: Executing hook `AtEndAfterFileList' on input line 414.


Package rerunfilecheck Warning: File `template.out' has changed.
(rerunfilecheck)                Rerun to get outlines right
(rerunfilecheck)                or use package `bookmark'.

Package rerunfilecheck Info: Checksums for `template.out':
(rerunfilecheck)             Before: <no file>
(rerunfilecheck)             After:  2A7A8FBDC37DCF04DBF6A0B59A14E9E1;561.

LaTeX Font Warning: Some font shapes were not available, defaults substituted.


LaTeX Warning: There were undefined references.


LaTeX Warning: Label(s) may have changed. Rerun to get cross-references right.

Package atveryend Info: Empty hook `AtVeryVeryEnd' on input line 414.
 ) )
(\end occurred when \ifx on line 53 was incomplete)
(\end occurred when \ifx on line 53 was incomplete) 
Here is how much of TeX's memory you used:
 7777 strings out of 495063
 118916 string characters out of 3182201
 234806 words of memory out of 3000000
 10646 multiletter control sequences out of 15000+200000
 60638 words of font info for 199 fonts, out of 3000000 for 9000
 14 hyphenation exceptions out of 8191
 42i,8n,35p,799b,395s stack positions out of 5000i,500n,10000p,200000b,50000s
{/usr/share/texlive/texmf-di
st/fonts/enc/dvips/base/8r.enc}</usr/share/texlive/texmf-dist/fonts/type1/publi
c/amsfonts/cm/cmr10.pfb></usr/share/texlive/texmf-dist/fonts/type1/public/amsfo
nts/cm/cmsy9.pfb></usr/share/texlive/texmf-dist/fonts/type1/public/txfonts/txtt
.pfb></usr/share/texlive/texmf-dist/fonts/type1/urw/helvetic/uhvb8a.pfb></usr/s
hare/texlive/texmf-dist/fonts/type1/urw/helvetic/uhvr8a.pfb></usr/share/texlive
/texmf-dist/fonts/type1/urw/helvetic/uhvro8a.pfb></usr/share/texlive/texmf-dist
/fonts/type1/urw/symbol/usyr.pfb></usr/share/texlive/texmf-dist/fonts/type1/urw
/times/utmb8a.pfb></usr/share/texlive/texmf-dist/fonts/type1/urw/times/utmr8a.p
fb></usr/share/texlive/texmf-dist/fonts/type1/urw/times/utmri8a.pfb>
Output written on template.pdf (3 pages, 667974 bytes).
PDF statistics:
 99 PDF objects out of 1000 (max. 8388607)
 79 compressed objects within 1 object stream
 24 named destinations out of 1000 (max. 500000)
 55824 words of extra memory for PDF output out of 61914 (max. 10000000)

